Error: write EPIPE

Messages from the log:
[NX v21.1.3 Daemon Server] - 2025-06-09T02:13:18.927Z - [REQUEST]: Responding to the client. handleHashGlob
[NX v21.1.3 Daemon Server] - 2025-06-09T02:13:18.927Z - Done responding to the client handleHashGlob
[NX v21.1.3 Daemon Server] - 2025-06-09T02:13:18.927Z - Handled HASH_GLOB. Handling time: 1. Response time: 0.
/Users/juan.garcia/Desktop/_/dev/templates/frontend-templates/node_modules/.pnpm/nx@21.1.3/node_modules/nx/src/project-graph/plugins/isolation/plugin-pool.js:178
                const { resolver, rejector } = pending.get(tx);
                        ^

TypeError: Cannot destructure property 'resolver' of 'pending.get(...)' as it is undefined.
    at createNodesResult (/Users/juan.garcia/Desktop/_/dev/templates/frontend-templates/node_modules/.pnpm/nx@21.1.3/node_modules/nx/src/project-graph/plugins/isolation/plugin-pool.js:178:25)
    at consumeMessage (/Users/juan.garcia/Desktop/_/dev/templates/frontend-templates/node_modules/.pnpm/nx@21.1.3/node_modules/nx/src/project-graph/plugins/isolation/messaging.js:42:32)
    at /Users/juan.garcia/Desktop/_/dev/templates/frontend-templates/node_modules/.pnpm/nx@21.1.3/node_modules/nx/src/project-graph/plugins/isolation/plugin-pool.js:79:47
    at Socket.<anonymous> (/Users/juan.garcia/Desktop/_/dev/templates/frontend-templates/node_modules/.pnpm/nx@21.1.3/node_modules/nx/src/utils/consume-messages-from-socket.js:13:17)
    at Socket.emit (node:events:524:28)
    at addChunk (node:internal/streams/readable:561:12)
    at readableAddChunkPushByteMode (node:internal/streams/readable:512:3)
    at Readable.push (node:internal/streams/readable:392:5)
    at Pipe.onStreamRead (node:internal/stream_base_commons:189:23)

Node.js v22.13.1



More information: /Users/juan.garcia/Desktop/_/dev/templates/frontend-templates/.nx/workspace-data/d/daemon.log